<?xml version="1.0" encoding="UTF-8"?>
<!-- Generated by org.testng.reporters.JUnitReportReporter -->
<testsuite hostname="kuldeep" name="com.Mymind.framework.demosondemand.script.login.Login_Test" tests="1" failures="0" timestamp="26 May 2015 11:29:49 GMT" time="208.161" errors="0">
  <testcase name="test_validationlogin" time="208.161" classname="com.Mymind.framework.demosondemand.script.login.Login_Test"/>
</testsuite> <!-- com.Mymind.framework.demosondemand.script.login.Login_Test -->
