<?xml version="1.0" encoding="UTF-8"?>
<!-- Generated by org.testng.reporters.JUnitReportReporter -->
<testsuite hostname="kuldeep" name="com.Mymind.framework.demosondemand.script.dashboard.uploadvideo_Test" tests="1" failures="0" timestamp="26 May 2015 11:08:44 GMT" time="91.787" errors="0">
  <testcase name="uploadvideos" time="91.787" classname="com.Mymind.framework.demosondemand.script.dashboard.uploadvideo_Test"/>
</testsuite> <!-- com.Mymind.framework.demosondemand.script.dashboard.uploadvideo_Test -->
