<?xml version="1.0" encoding="UTF-8"?>
<!-- Generated by org.testng.reporters.JUnitReportReporter -->
<testsuite hostname="kuldeep" name="com.appmodule.testscript.Student_Login_Script" tests="11" failures="0" timestamp="4 Jan 2016 06:12:31 GMT" time="99.480" errors="0">
  <testcase name="click_announcement" time="10.545" classname="com.appmodule.testscript.Student_Login_Script"/>
  <testcase name="click_gallery" time="9.521" classname="com.appmodule.testscript.Student_Login_Script"/>
  <testcase name="Click_Mathguru" time="7.453" classname="com.appmodule.testscript.Student_Login_Script"/>
  <testcase name="click_smartclass_english" time="9.930" classname="com.appmodule.testscript.Student_Login_Script"/>
  <testcase name="click_walllink" time="11.618" classname="com.appmodule.testscript.Student_Login_Script"/>
  <testcase name="click_message" time="10.710" classname="com.appmodule.testscript.Student_Login_Script"/>
  <testcase name="click_dashboard" time="11.214" classname="com.appmodule.testscript.Student_Login_Script"/>
  <testcase name="click_marks" time="6.217" classname="com.appmodule.testscript.Student_Login_Script"/>
  <testcase name="click_myclassroom_Art_Sub" time="6.783" classname="com.appmodule.testscript.Student_Login_Script"/>
  <testcase name="click_event" time="10.625" classname="com.appmodule.testscript.Student_Login_Script"/>
  <testcase name="click_attendance" time="4.864" classname="com.appmodule.testscript.Student_Login_Script"/>
</testsuite> <!-- com.appmodule.testscript.Student_Login_Script -->
