<?xml version="1.0" encoding="UTF-8"?>
<!-- Generated by org.testng.reporters.JUnitReportReporter -->
<testsuite hostname="kuldeep" name="com.appmodule.testscript.Book_Id_test$LoginTest" tests="1" failures="0" timestamp="13 Mar 2016 21:36:45 GMT" time="35.243" errors="0">
  <testcase name="logincheck" time="35.243" classname="com.appmodule.testscript.Book_Id_test$LoginTest"/>
</testsuite> <!-- com.appmodule.testscript.Book_Id_test$LoginTest -->
