<?xml version="1.0" encoding="UTF-8"?>
<!-- Generated by org.testng.reporters.JUnitReportReporter -->
<testsuite hostname="kuldeep" name="com.appmodule.testscript.Message_TestScript" tests="2" failures="0" timestamp="9 Aug 2016 08:41:49 GMT" time="51.172" errors="0">
  <testcase name="verifyMessage" time="0.003" classname="com.appmodule.testscript.Message_TestScript"/>
  <testcase name="createMessage" time="51.169" classname="com.appmodule.testscript.Message_TestScript"/>
</testsuite> <!-- com.appmodule.testscript.Message_TestScript -->
