<?xml version="1.0" encoding="UTF-8"?>
<!-- Generated by org.testng.reporters.JUnitReportReporter -->
<testsuite hostname="kuldeep" name="com.appmodule.testscript.Student_Login_Script" tests="9" failures="0" timestamp="25 Apr 2016 04:43:13 GMT" time="262.373" errors="0">
  <testcase name="click_dashboard" time="34.256" classname="com.appmodule.testscript.Student_Login_Script"/>
  <testcase name="click_announcement" time="19.462" classname="com.appmodule.testscript.Student_Login_Script"/>
  <testcase name="click_attendance" time="9.945" classname="com.appmodule.testscript.Student_Login_Script"/>
  <testcase name="click_walllink" time="33.942" classname="com.appmodule.testscript.Student_Login_Script"/>
  <testcase name="click_gallery" time="26.551" classname="com.appmodule.testscript.Student_Login_Script"/>
  <testcase name="click_smartclass_english" time="44.044" classname="com.appmodule.testscript.Student_Login_Script"/>
  <testcase name="click_message" time="10.906" classname="com.appmodule.testscript.Student_Login_Script"/>
  <testcase name="click_event" time="55.295" classname="com.appmodule.testscript.Student_Login_Script"/>
  <testcase name="Click_Mathguru" time="27.972" classname="com.appmodule.testscript.Student_Login_Script"/>
</testsuite> <!-- com.appmodule.testscript.Student_Login_Script -->
