<?xml version="1.0" encoding="UTF-8"?>
<!-- Generated by org.testng.reporters.JUnitReportReporter -->
<testsuite hostname="kuldeep" name="com.appmodule.testscript.Admin_Login_Script" tests="15" failures="0" timestamp="8 Jan 2016 08:58:28 GMT" time="83.775" errors="0">
  <testcase name="Click_on_Competency" time="6.366" classname="com.appmodule.testscript.Admin_Login_Script"/>
  <testcase name="Click_on_BatchReport" time="6.529" classname="com.appmodule.testscript.Admin_Login_Script"/>
  <testcase name="Click_on_Evaluation" time="6.470" classname="com.appmodule.testscript.Admin_Login_Script"/>
  <testcase name="Click_on_Grades" time="6.533" classname="com.appmodule.testscript.Admin_Login_Script"/>
  <testcase name="Click_on_Teacher" time="4.708" classname="com.appmodule.testscript.Admin_Login_Script"/>
  <testcase name="Click_on_Events" time="4.568" classname="com.appmodule.testscript.Admin_Login_Script"/>
  <testcase name="Click_on_ManageUser" time="4.922" classname="com.appmodule.testscript.Admin_Login_Script"/>
  <testcase name="Click_on_Student" time="4.827" classname="com.appmodule.testscript.Admin_Login_Script"/>
  <testcase name="Click_on_RollNumberSetup" time="6.670" classname="com.appmodule.testscript.Admin_Login_Script"/>
  <testcase name="Click_on_Message" time="4.703" classname="com.appmodule.testscript.Admin_Login_Script"/>
  <testcase name="Click_on_Announcement" time="4.918" classname="com.appmodule.testscript.Admin_Login_Script"/>
  <testcase name="Click_on_BulkSection_SetUP" time="6.537" classname="com.appmodule.testscript.Admin_Login_Script"/>
  <testcase name="Click_on_Wall" time="5.681" classname="com.appmodule.testscript.Admin_Login_Script"/>
  <testcase name="Click_on_Gallery" time="5.399" classname="com.appmodule.testscript.Admin_Login_Script"/>
  <testcase name="Click_on_Attendance" time="4.944" classname="com.appmodule.testscript.Admin_Login_Script"/>
</testsuite> <!-- com.appmodule.testscript.Admin_Login_Script -->
