<?xml version="1.0" encoding="UTF-8"?>
<!-- Generated by org.testng.reporters.JUnitReportReporter -->
<testsuite hostname="kuldeep" name="com.appmodule.testscript.Parents_Login_Script" tests="12" failures="0" timestamp="4 Jan 2016 06:09:54 GMT" time="76.367" errors="0">
  <testcase name="click_on_Atteandance" time="4.469" classname="com.appmodule.testscript.Parents_Login_Script"/>
  <testcase name="click_on_marks" time="6.136" classname="com.appmodule.testscript.Parents_Login_Script"/>
  <testcase name="Click_on_MathGuru" time="5.724" classname="com.appmodule.testscript.Parents_Login_Script"/>
  <testcase name="click_on_Teacher" time="5.564" classname="com.appmodule.testscript.Parents_Login_Script"/>
  <testcase name="click_on_Announcement" time="4.527" classname="com.appmodule.testscript.Parents_Login_Script"/>
  <testcase name="click_on_wall" time="7.375" classname="com.appmodule.testscript.Parents_Login_Script"/>
  <testcase name="click_on_Events" time="6.918" classname="com.appmodule.testscript.Parents_Login_Script"/>
  <testcase name="click_on_Dashboard" time="11.175" classname="com.appmodule.testscript.Parents_Login_Script"/>
  <testcase name="click_on_message" time="4.820" classname="com.appmodule.testscript.Parents_Login_Script"/>
  <testcase name="click_on_Gallery" time="4.681" classname="com.appmodule.testscript.Parents_Login_Script"/>
  <testcase name="Click_on_SmartclassEnglish" time="8.114" classname="com.appmodule.testscript.Parents_Login_Script"/>
  <testcase name="click_on_myclassroomArtSub" time="6.864" classname="com.appmodule.testscript.Parents_Login_Script"/>
</testsuite> <!-- com.appmodule.testscript.Parents_Login_Script -->
