<?xml version="1.0" encoding="UTF-8"?>
<!-- Generated by org.testng.reporters.JUnitReportReporter -->
<testsuite hostname="kuldeep" name="com.appmodule.testscript.Parents_Login_Script" tests="12" failures="0" timestamp="8 Jan 2016 07:46:38 GMT" time="196.397" errors="0">
  <testcase name="click_on_Announcement" time="4.479" classname="com.appmodule.testscript.Parents_Login_Script"/>
  <testcase name="click_on_message" time="4.924" classname="com.appmodule.testscript.Parents_Login_Script"/>
  <testcase name="click_on_myclassroomArtSub" time="6.660" classname="com.appmodule.testscript.Parents_Login_Script"/>
  <testcase name="Click_on_SmartclassEnglish" time="121.541" classname="com.appmodule.testscript.Parents_Login_Script"/>
  <testcase name="click_on_marks" time="6.741" classname="com.appmodule.testscript.Parents_Login_Script"/>
  <testcase name="click_on_Dashboard" time="13.714" classname="com.appmodule.testscript.Parents_Login_Script"/>
  <testcase name="click_on_Atteandance" time="4.993" classname="com.appmodule.testscript.Parents_Login_Script"/>
  <testcase name="click_on_wall" time="5.926" classname="com.appmodule.testscript.Parents_Login_Script"/>
  <testcase name="click_on_Teacher" time="4.605" classname="com.appmodule.testscript.Parents_Login_Script"/>
  <testcase name="click_on_Events" time="5.058" classname="com.appmodule.testscript.Parents_Login_Script"/>
  <testcase name="click_on_Gallery" time="4.463" classname="com.appmodule.testscript.Parents_Login_Script"/>
  <testcase name="Click_on_MathGuru" time="13.293" classname="com.appmodule.testscript.Parents_Login_Script"/>
</testsuite> <!-- com.appmodule.testscript.Parents_Login_Script -->
