<?xml version="1.0" encoding="UTF-8"?>
<!-- Generated by org.testng.reporters.JUnitReportReporter -->
<testsuite hostname="kuldeep" name="com.appmodule.testscript.LoginTest" tests="1" failures="0" timestamp="10 Nov 2015 05:57:18 GMT" time="33.411" errors="0">
  <testcase name="logincheck" time="33.411" classname="com.appmodule.testscript.LoginTest"/>
</testsuite> <!-- com.appmodule.testscript.LoginTest -->
