<?xml version="1.0" encoding="UTF-8"?>
<!-- Generated by org.testng.reporters.JUnitReportReporter -->
<testsuite hostname="kuldeep" name="com.appmodule.testscript.Teacher_Login_Script" tests="14" failures="0" timestamp="8 Jan 2016 07:55:29 GMT" time="120.588" errors="0">
  <testcase name="Click_on_Student" time="4.958" classname="com.appmodule.testscript.Teacher_Login_Script"/>
  <testcase name="Click_on_MarksReview" time="5.654" classname="com.appmodule.testscript.Teacher_Login_Script"/>
  <testcase name="Clcik_on_Event" time="5.030" classname="com.appmodule.testscript.Teacher_Login_Script"/>
  <testcase name="Click_on_Myclassroom_EnglishSub" time="9.779" classname="com.appmodule.testscript.Teacher_Login_Script"/>
  <testcase name="Click_on_Gallery" time="5.285" classname="com.appmodule.testscript.Teacher_Login_Script"/>
  <testcase name="Click_on_AttendanceReport" time="4.862" classname="com.appmodule.testscript.Teacher_Login_Script"/>
  <testcase name="Click_on_PerformAssignment" time="43.156" classname="com.appmodule.testscript.Teacher_Login_Script"/>
  <testcase name="Click_on_Message" time="5.033" classname="com.appmodule.testscript.Teacher_Login_Script"/>
  <testcase name="Click_on_Announcement" time="5.212" classname="com.appmodule.testscript.Teacher_Login_Script"/>
  <testcase name="Click_on_Teacher" time="7.203" classname="com.appmodule.testscript.Teacher_Login_Script"/>
  <testcase name="Click_on_HealthStatus" time="5.017" classname="com.appmodule.testscript.Teacher_Login_Script"/>
  <testcase name="Click_on_AttendanceMarks" time="5.882" classname="com.appmodule.testscript.Teacher_Login_Script"/>
  <testcase name="click_on_Wall" time="6.263" classname="com.appmodule.testscript.Teacher_Login_Script"/>
  <testcase name="Click_on_MarksreviewreportClasswise" time="7.254" classname="com.appmodule.testscript.Teacher_Login_Script"/>
</testsuite> <!-- com.appmodule.testscript.Teacher_Login_Script -->
