<?xml version="1.0" encoding="UTF-8"?>
<!-- Generated by org.testng.reporters.JUnitReportReporter -->
<testsuite hostname="kuldeep" name="com.appmodule.testscript.Student_Login_Script" tests="11" failures="0" timestamp="8 Jan 2016 07:52:31 GMT" time="215.962" errors="0">
  <testcase name="click_announcement" time="10.622" classname="com.appmodule.testscript.Student_Login_Script"/>
  <testcase name="click_gallery" time="10.185" classname="com.appmodule.testscript.Student_Login_Script"/>
  <testcase name="click_walllink" time="12.454" classname="com.appmodule.testscript.Student_Login_Script"/>
  <testcase name="click_message" time="10.839" classname="com.appmodule.testscript.Student_Login_Script"/>
  <testcase name="click_dashboard" time="11.489" classname="com.appmodule.testscript.Student_Login_Script"/>
  <testcase name="click_marks" time="5.974" classname="com.appmodule.testscript.Student_Login_Script"/>
  <testcase name="click_myclassroom_Art_Sub" time="7.285" classname="com.appmodule.testscript.Student_Login_Script"/>
  <testcase name="Click_Mathguru" time="10.413" classname="com.appmodule.testscript.Student_Login_Script"/>
  <testcase name="click_smartclass_english" time="121.127" classname="com.appmodule.testscript.Student_Login_Script"/>
  <testcase name="click_event" time="10.762" classname="com.appmodule.testscript.Student_Login_Script"/>
  <testcase name="click_attendance" time="4.812" classname="com.appmodule.testscript.Student_Login_Script"/>
</testsuite> <!-- com.appmodule.testscript.Student_Login_Script -->
