<?xml version="1.0" encoding="UTF-8"?>
<!-- Generated by org.testng.reporters.JUnitReportReporter -->
<testsuite hostname="kuldeep" name="com.appmodule.testscript.Admin_Login_Script" tests="15" failures="0" timestamp="22 Feb 2016 05:26:23 GMT" time="90.192" errors="0">
  <testcase name="Click_on_RollNumberSetup" time="6.712" classname="com.appmodule.testscript.Admin_Login_Script"/>
  <testcase name="Click_on_BulkSection_SetUP" time="6.684" classname="com.appmodule.testscript.Admin_Login_Script"/>
  <testcase name="Click_on_Teacher" time="4.795" classname="com.appmodule.testscript.Admin_Login_Script"/>
  <testcase name="Click_on_Evaluation" time="7.506" classname="com.appmodule.testscript.Admin_Login_Script"/>
  <testcase name="Click_on_BatchReport" time="7.296" classname="com.appmodule.testscript.Admin_Login_Script"/>
  <testcase name="Click_on_Competency" time="6.893" classname="com.appmodule.testscript.Admin_Login_Script"/>
  <testcase name="Click_on_Events" time="4.908" classname="com.appmodule.testscript.Admin_Login_Script"/>
  <testcase name="Click_on_ManageUser" time="5.284" classname="com.appmodule.testscript.Admin_Login_Script"/>
  <testcase name="Click_on_Student" time="4.763" classname="com.appmodule.testscript.Admin_Login_Script"/>
  <testcase name="Click_on_Message" time="6.874" classname="com.appmodule.testscript.Admin_Login_Script"/>
  <testcase name="Click_on_Announcement" time="4.748" classname="com.appmodule.testscript.Admin_Login_Script"/>
  <testcase name="Click_on_Wall" time="6.695" classname="com.appmodule.testscript.Admin_Login_Script"/>
  <testcase name="Click_on_Gallery" time="5.707" classname="com.appmodule.testscript.Admin_Login_Script"/>
  <testcase name="Click_on_Grades" time="6.493" classname="com.appmodule.testscript.Admin_Login_Script"/>
  <testcase name="Click_on_Attendance" time="4.834" classname="com.appmodule.testscript.Admin_Login_Script"/>
</testsuite> <!-- com.appmodule.testscript.Admin_Login_Script -->
