<?xml version="1.0" encoding="UTF-8"?>
<!-- Generated by org.testng.reporters.JUnitReportReporter -->
<testsuite hostname="kuldeep" name="com.appmodule.testscript.Admin_Login_Script" tests="15" failures="0" timestamp="4 Jan 2016 05:43:41 GMT" time="84.567" errors="0">
  <testcase name="Click_on_Student" time="4.701" classname="com.appmodule.testscript.Admin_Login_Script"/>
  <testcase name="Click_on_ManageUser" time="5.023" classname="com.appmodule.testscript.Admin_Login_Script"/>
  <testcase name="Click_on_Grades" time="6.285" classname="com.appmodule.testscript.Admin_Login_Script"/>
  <testcase name="Click_on_Teacher" time="4.540" classname="com.appmodule.testscript.Admin_Login_Script"/>
  <testcase name="Click_on_Attendance" time="7.213" classname="com.appmodule.testscript.Admin_Login_Script"/>
  <testcase name="Click_on_Message" time="4.455" classname="com.appmodule.testscript.Admin_Login_Script"/>
  <testcase name="Click_on_Gallery" time="4.913" classname="com.appmodule.testscript.Admin_Login_Script"/>
  <testcase name="Click_on_BatchReport" time="6.291" classname="com.appmodule.testscript.Admin_Login_Script"/>
  <testcase name="Click_on_BulkSection_SetUP" time="6.433" classname="com.appmodule.testscript.Admin_Login_Script"/>
  <testcase name="Click_on_Announcement" time="4.555" classname="com.appmodule.testscript.Admin_Login_Script"/>
  <testcase name="Click_on_RollNumberSetup" time="6.513" classname="com.appmodule.testscript.Admin_Login_Script"/>
  <testcase name="Click_on_Events" time="4.634" classname="com.appmodule.testscript.Admin_Login_Script"/>
  <testcase name="Click_on_Wall" time="5.986" classname="com.appmodule.testscript.Admin_Login_Script"/>
  <testcase name="Click_on_Competency" time="6.546" classname="com.appmodule.testscript.Admin_Login_Script"/>
  <testcase name="Click_on_Evaluation" time="6.479" classname="com.appmodule.testscript.Admin_Login_Script"/>
</testsuite> <!-- com.appmodule.testscript.Admin_Login_Script -->
